<?xml version="1.0" encoding="UTF-8"?>
<!-- Generated by org.testng.reporters.JUnitReportReporter -->
<testsuite skipped="0" hostname="DESKTOP-5O550SC" name="com.AutomationTalks.demoProject1.TestClass1" tests="3" failures="0" timestamp="17 Nov 2019 22:03:02 GMT" time="162.414" errors="0">
  <testcase name="Test2" time="40.672" classname="com.AutomationTalks.demoProject1.TestClass1"/>
  <testcase name="Test1" time="80.771" classname="com.AutomationTalks.demoProject1.TestClass1"/>
  <testcase name="Test3" time="40.971" classname="com.AutomationTalks.demoProject1.TestClass1"/>
</testsuite> <!-- com.AutomationTalks.demoProject1.TestClass1 -->
